<?xml version="1.0" encoding="UTF-8"?>
<testng-results skipped="3" failed="0" total="3" passed="0">
  <reporter-output>
  </reporter-output>
  <suite name="Default suite" duration-ms="23612" started-at="2017-05-04T12:40:04Z" finished-at="2017-05-04T12:40:28Z">
    <groups>
    </groups>
    <test name="Default test" duration-ms="23612" started-at="2017-05-04T12:40:04Z" finished-at="2017-05-04T12:40:28Z">
      <class name="testfuseplm.Fuse">
        <test-method status="FAIL" signature="login()[pri:0, instance:testfuseplm.Fuse@42e26948]" name="login" is-config="true" duration-ms="0" started-at="2017-05-04T18:10:04Z" finished-at="2017-05-04T18:10:04Z">
          <exception class="org.openqa.selenium.NoSuchWindowException">
            <message>
              <![CDATA[Unable to get browser (WARNING: The server did not provide any stacktrace information)
Command duration or timeout: 7 milliseconds
Build info: version: '2.53.0', revision: '35ae25b', time: '2016-03-15 16:57:40'
System info: host: 'AZU-DESK-019', ip: '192.168.1.220', os.name: 'Windows 8.1', os.arch: 'amd64', os.version: '6.3', java.version: '1.8.0_101'
Driver info: org.openqa.selenium.ie.InternetExplorerDriver
Capabilities [{browserAttachTimeout=0, enablePersistentHover=true, ie.forceCreateProcessApi=false, pageLoadStrategy=normal, ie.usePerProcessProxy=false, ignoreZoomSetting=false, handlesAlerts=true, version=11, platform=WINDOWS, nativeEvents=true, ie.ensureCleanSession=false, elementScrollBehavior=0, ie.browserCommandLineSwitches=, requireWindowFocus=false, browserName=internet explorer, initialBrowserUrl=http://localhost:45469/, takesScreenshot=true, javascriptEnabled=true, ignoreProtectedModeSettings=false, enableElementCacheCleanup=true, cssSelectorsEnabled=true, unexpectedAlertBehaviour=dismiss}]
Session ID: 71fe031f-8d22-4842-9490-a6ed2e34bdec]]>
            </message>
            <full-stacktrace>
              <![CDATA[org.openqa.selenium.NoSuchWindowException: Unable to get browser (WARNING: The server did not provide any stacktrace information)
Command duration or timeout: 7 milliseconds
Build info: version: '2.53.0', revision: '35ae25b', time: '2016-03-15 16:57:40'
System info: host: 'AZU-DESK-019', ip: '192.168.1.220', os.name: 'Windows 8.1', os.arch: 'amd64', os.version: '6.3', java.version: '1.8.0_101'
Driver info: org.openqa.selenium.ie.InternetExplorerDriver
Capabilities [{browserAttachTimeout=0, enablePersistentHover=true, ie.forceCreateProcessApi=false, pageLoadStrategy=normal, ie.usePerProcessProxy=false, ignoreZoomSetting=false, handlesAlerts=true, version=11, platform=WINDOWS, nativeEvents=true, ie.ensureCleanSession=false, elementScrollBehavior=0, ie.browserCommandLineSwitches=, requireWindowFocus=false, browserName=internet explorer, initialBrowserUrl=http://localhost:45469/, takesScreenshot=true, javascriptEnabled=true, ignoreProtectedModeSettings=false, enableElementCacheCleanup=true, cssSelectorsEnabled=true, unexpectedAlertBehaviour=dismiss}]
Session ID: 71fe031f-8d22-4842-9490-a6ed2e34bdec
	at sun.reflect.NativeConstructorAccessorImpl.newInstance0(Native Method)
	at sun.reflect.NativeConstructorAccessorImpl.newInstance(NativeConstructorAccessorImpl.java:62)
	at sun.reflect.DelegatingConstructorAccessorImpl.newInstance(DelegatingConstructorAccessorImpl.java:45)
	at java.lang.reflect.Constructor.newInstance(Constructor.java:423)
	at org.openqa.selenium.remote.ErrorHandler.createThrowable(ErrorHandler.java:206)
	at org.openqa.selenium.remote.ErrorHandler.throwIfResponseFailed(ErrorHandler.java:158)
	at org.openqa.selenium.remote.RemoteWebDriver.execute(RemoteWebDriver.java:678)
	at org.openqa.selenium.remote.RemoteWebDriver.execute(RemoteWebDriver.java:701)
	at org.openqa.selenium.ie.InternetExplorerDriver.getScreenshotAs(InternetExplorerDriver.java:194)
	at testfuseplm.WrapperClass.takesnapshot(WrapperClass.java:498)
	at testfuseplm.WrapperClass.sendvaluebyname(WrapperClass.java:187)
	at testfuseplm.Fuse.login(Fuse.java:149)
	at sun.reflect.NativeMethodAccessorImpl.invoke0(Native Method)
	at sun.reflect.NativeMethodAccessorImpl.invoke(NativeMethodAccessorImpl.java:62)
	at sun.reflect.DelegatingMethodAccessorImpl.invoke(DelegatingMethodAccessorImpl.java:43)
	at java.lang.reflect.Method.invoke(Method.java:498)
	at org.testng.internal.MethodInvocationHelper.invokeMethod(MethodInvocationHelper.java:85)
	at org.testng.internal.Invoker.invokeConfigurationMethod(Invoker.java:510)
	at org.testng.internal.Invoker.invokeConfigurations(Invoker.java:211)
	at org.testng.internal.Invoker.invokeMethod(Invoker.java:585)
	at org.testng.internal.Invoker.invokeTestMethod(Invoker.java:816)
	at org.testng.internal.Invoker.invokeTestMethods(Invoker.java:1124)
	at org.testng.internal.TestMethodWorker.invokeTestMethods(TestMethodWorker.java:125)
	at org.testng.internal.TestMethodWorker.run(TestMethodWorker.java:108)
	at org.testng.TestRunner.privateRun(TestRunner.java:774)
	at org.testng.TestRunner.run(TestRunner.java:624)
	at org.testng.SuiteRunner.runTest(SuiteRunner.java:359)
	at org.testng.SuiteRunner.runSequentially(SuiteRunner.java:354)
	at org.testng.SuiteRunner.privateRun(SuiteRunner.java:312)
	at org.testng.SuiteRunner.run(SuiteRunner.java:261)
	at org.testng.SuiteRunnerWorker.runSuite(SuiteRunnerWorker.java:52)
	at org.testng.SuiteRunnerWorker.run(SuiteRunnerWorker.java:86)
	at org.testng.TestNG.runSuitesSequentially(TestNG.java:1215)
	at org.testng.TestNG.runSuitesLocally(TestNG.java:1140)
	at org.testng.TestNG.run(TestNG.java:1048)
	at org.testng.remote.AbstractRemoteTestNG.run(AbstractRemoteTestNG.java:132)
	at org.testng.remote.RemoteTestNG.initAndRun(RemoteTestNG.java:236)
	at org.testng.remote.RemoteTestNG.main(RemoteTestNG.java:81)
]]>
            </full-stacktrace>
          </exception> <!-- org.openqa.selenium.NoSuchWindowException -->
          <reporter-output>
          </reporter-output>
        </test-method> <!-- login -->
        <test-method status="SKIP" signature="part()[pri:1, instance:testfuseplm.Fuse@42e26948]" name="part" duration-ms="1" started-at="2017-05-04T18:10:28Z" finished-at="2017-05-04T18:10:28Z">
          <reporter-output>
          </reporter-output>
        </test-method> <!-- part -->
        <test-method status="SKIP" signature="logout()[pri:0, instance:testfuseplm.Fuse@42e26948]" name="logout" is-config="true" duration-ms="0" started-at="2017-05-04T18:10:28Z" finished-at="2017-05-04T18:10:28Z">
          <reporter-output>
          </reporter-output>
        </test-method> <!-- logout -->
        <test-method status="SKIP" signature="login()[pri:0, instance:testfuseplm.Fuse@42e26948]" name="login" is-config="true" duration-ms="0" started-at="2017-05-04T18:10:28Z" finished-at="2017-05-04T18:10:28Z">
          <reporter-output>
          </reporter-output>
        </test-method> <!-- login -->
        <test-method status="SKIP" signature="product()[pri:2, instance:testfuseplm.Fuse@42e26948]" name="product" duration-ms="22" started-at="2017-05-04T18:10:28Z" finished-at="2017-05-04T18:10:28Z">
          <reporter-output>
          </reporter-output>
        </test-method> <!-- product -->
        <test-method status="SKIP" signature="logout()[pri:0, instance:testfuseplm.Fuse@42e26948]" name="logout" is-config="true" duration-ms="0" started-at="2017-05-04T18:10:28Z" finished-at="2017-05-04T18:10:28Z">
          <reporter-output>
          </reporter-output>
        </test-method> <!-- logout -->
        <test-method status="SKIP" signature="login()[pri:0, instance:testfuseplm.Fuse@42e26948]" name="login" is-config="true" duration-ms="0" started-at="2017-05-04T18:10:28Z" finished-at="2017-05-04T18:10:28Z">
          <reporter-output>
          </reporter-output>
        </test-method> <!-- login -->
        <test-method status="SKIP" signature="boards()[pri:3, instance:testfuseplm.Fuse@42e26948]" name="boards" duration-ms="3" started-at="2017-05-04T18:10:28Z" finished-at="2017-05-04T18:10:28Z">
          <reporter-output>
          </reporter-output>
        </test-method> <!-- boards -->
        <test-method status="SKIP" signature="logout()[pri:0, instance:testfuseplm.Fuse@42e26948]" name="logout" is-config="true" duration-ms="0" started-at="2017-05-04T18:10:28Z" finished-at="2017-05-04T18:10:28Z">
          <reporter-output>
          </reporter-output>
        </test-method> <!-- logout -->
      </class> <!-- testfuseplm.Fuse -->
    </test> <!-- Default test -->
  </suite> <!-- Default suite -->
</testng-results>
